<?xml version="1.0" encoding="UTF-8"?>
<!-- Generated by org.testng.reporters.JUnitReportReporter -->
<testsuite hostname="ASHRITH" failures="0" tests="1" name="TestCases.CartTest_0002" time="12.250" errors="0" timestamp="2023-12-27T14:08:47 IST" skipped="0">
  <testcase classname="TestCases.CartTest_0002" name="addtoCart" time="12.250"/>
  <system-out/>
</testsuite> <!-- TestCases.CartTest_0002 -->
