<?xml version="1.0" encoding="UTF-8"?>
<!-- Generated by org.testng.reporters.JUnitReportReporter -->
<testsuite hostname="ASHRITH" failures="0" tests="7" name="TestCases.dataprovider" time="15.483" errors="0" timestamp="2023-12-27T14:08:47 IST" skipped="0">
  <testcase classname="TestCases.dataprovider" name="clickMenus" time="2.721"/>
  <system-out/>
  <testcase classname="TestCases.dataprovider" name="clickMenus" time="1.612"/>
  <system-out/>
  <testcase classname="TestCases.dataprovider" name="clickMenus" time="2.563"/>
  <system-out/>
  <testcase classname="TestCases.dataprovider" name="clickMenus" time="1.786"/>
  <system-out/>
  <testcase classname="TestCases.dataprovider" name="clickMenus" time="2.941"/>
  <system-out/>
  <testcase classname="TestCases.dataprovider" name="clickMenus" time="1.638"/>
  <system-out/>
  <testcase classname="TestCases.dataprovider" name="clickMenus" time="2.222"/>
  <system-out/>
</testsuite> <!-- TestCases.dataprovider -->
