<?xml version="1.0" encoding="UTF-8"?>
<!-- Generated by org.testng.reporters.JUnitReportReporter -->
<testsuite hostname="ASHRITH" failures="0" tests="1" name="TestCases.CartTest_0002" time="5.825" errors="0" timestamp="2023-12-21T17:09:09 IST" skipped="0">
  <testcase classname="TestCases.CartTest_0002" name="addtoCart" time="5.825"/>
  <system-out/>
</testsuite> <!-- TestCases.CartTest_0002 -->
