<?xml version="1.0" encoding="UTF-8"?>
<!-- Generated by org.testng.reporters.JUnitReportReporter -->
<testsuite hostname="ASHRITH" failures="0" tests="1" name="TestCases.LoginTest" time="4.394" errors="0" timestamp="2023-12-15T17:08:18 IST" skipped="0">
  <testcase classname="TestCases.LoginTest" name="logintest" time="4.394"/>
  <system-out/>
</testsuite> <!-- TestCases.LoginTest -->
