<?xml version="1.0" encoding="UTF-8"?>
<!-- Generated by org.testng.reporters.JUnitReportReporter -->
<testsuite hostname="ASHRITH" failures="0" tests="1" name="TestCases.LoginTest_0001" time="8.369" errors="0" timestamp="2023-12-22T21:40:40 IST" skipped="0">
  <testcase classname="TestCases.LoginTest_0001" name="logintest" time="8.369"/>
  <system-out/>
</testsuite> <!-- TestCases.LoginTest_0001 -->
