<?xml version="1.0" encoding="UTF-8"?>
<!-- Generated by org.testng.reporters.JUnitReportReporter -->
<testsuite hostname="ASHRITH" failures="0" tests="1" name="TestCases.CartTest_0002" time="9.823" errors="0" timestamp="2023-12-22T10:12:16 IST" skipped="0">
  <testcase classname="TestCases.CartTest_0002" name="addtoCart" time="9.823"/>
  <system-out/>
</testsuite> <!-- TestCases.CartTest_0002 -->
