<?xml version="1.0" encoding="UTF-8"?>
<!-- Generated by org.testng.reporters.JUnitReportReporter -->
<testsuite hostname="ASHRITH" failures="0" tests="1" name="TestCases.ClickMenus_0003" time="17.545" errors="0" timestamp="2023-12-22T21:40:40 IST" skipped="0">
  <testcase classname="TestCases.ClickMenus_0003" name="verifyallMenu" time="17.545"/>
  <system-out/>
</testsuite> <!-- TestCases.ClickMenus_0003 -->
