<?xml version="1.0" encoding="UTF-8"?>
<!-- Generated by org.testng.reporters.JUnitReportReporter -->
<testsuite hostname="ASHRITH" failures="0" tests="1" name="TestCases.LoginTest_0001" time="5.050" errors="0" timestamp="2023-12-22T10:12:16 IST" skipped="0">
  <testcase classname="TestCases.LoginTest_0001" name="logintest" time="5.050"/>
  <system-out/>
</testsuite> <!-- TestCases.LoginTest_0001 -->
