<?xml version="1.0" encoding="UTF-8"?>
<!-- Generated by org.testng.reporters.JUnitReportReporter -->
<testsuite hostname="ASHRITH" failures="0" tests="1" name="TestCases.Checkout_0004" time="18.401" errors="0" timestamp="2023-12-22T10:12:16 IST" skipped="0">
  <testcase classname="TestCases.Checkout_0004" name="checkout" time="18.401"/>
  <system-out/>
</testsuite> <!-- TestCases.Checkout_0004 -->
